#
# There is insufficient memory for the Java Runtime Environment to continue.
# Native memory allocation (malloc) failed to allocate 262160 bytes for Chunk::new
# Possible reasons:
#   The system is out of physical RAM or swap space
#   The process is running with CompressedOops enabled, and the Java Heap may be blocking the growth of the native heap
# Possible solutions:
#   Reduce memory load on the system
#   Increase physical memory or swap space
#   Check if swap backing store is full
#   Decrease Java heap size (-Xmx/-Xms)
#   Decrease number of Java threads
#   Decrease Java thread stack sizes (-Xss)
#   Set larger code cache with -XX:ReservedCodeCacheSize=
#   JVM is running with Unscaled Compressed Oops mode in which the Java heap is
#     placed in the first 4GB address space. The Java Heap base address is the
#     maximum limit for the native heap growth. Please use -XX:HeapBaseMinAddress
#     to set the Java Heap base and to place the Java Heap above 4GB virtual address.
# This output file may be truncated or incomplete.
#
#  Out of Memory Error (arena.cpp:189), pid=19328, tid=12588
#
# JRE version: Java(TM) SE Runtime Environment (17.0.10+11) (build 17.0.10+11-LTS-240)
# Java VM: Java HotSpot(TM) 64-Bit Server VM (17.0.10+11-LTS-240, mixed mode, sharing, tiered, compressed oops, compressed class ptrs, g1 gc, windows-amd64)
# No core dump will be written. Minidumps are not enabled by default on client versions of Windows
#

---------------  S U M M A R Y ------------

Command Line: -XX:MaxMetaspaceSize=512m --add-opens=java.base/java.util=ALL-UNNAMED --add-opens=java.base/java.lang=ALL-UNNAMED --add-opens=java.base/java.lang.invoke=ALL-UNNAMED --add-opens=java.prefs/java.util.prefs=ALL-UNNAMED --add-opens=java.base/java.nio.charset=ALL-UNNAMED --add-opens=java.base/java.net=ALL-UNNAMED --add-opens=java.base/java.util.concurrent.atomic=ALL-UNNAMED -Xmx2048m -Dfile.encoding=windows-1252 -Duser.country=CM -Duser.language=fr -Duser.variant -javaagent:C:\Users\NexusL\.gradle\wrapper\dists\gradle-8.6-all\3mbtmo166bl6vumsh5k2lkq5h\gradle-8.6\lib\agents\gradle-instrumentation-agent-8.6.jar org.gradle.launcher.daemon.bootstrap.GradleDaemon 8.6

Host: Intel(R) Core(TM) i5-8365U CPU @ 1.60GHz, 8 cores, 7G,  Windows 11 , 64 bit Build 22621 (10.0.22621.3672)
Time: Tue Jun 11 05:05:44 2024 Afr. centrale Ouest elapsed time: 58.496281 seconds (0d 0h 0m 58s)

---------------  T H R E A D  ---------------

Current thread (0x0000023238f30060):  JavaThread "C2 CompilerThread1" daemon [_thread_in_native, id=12588, stack(0x0000005159400000,0x0000005159500000)]


Current CompileTask:
C2:  58496 10477       4       java.beans.MethodRef::set (58 bytes)

Stack: [0x0000005159400000,0x0000005159500000]
Native frames: (J=compiled Java code, j=interpreted, Vv=VM code, C=native code)
V  [jvm.dll+0x677a5a]
V  [jvm.dll+0x7d8b2d]
V  [jvm.dll+0x7da48e]
V  [jvm.dll+0x7daaf3]
V  [jvm.dll+0x2455ff]
V  [jvm.dll+0xaaafb]
V  [jvm.dll+0xab09c]
V  [jvm.dll+0xaac14]
V  [jvm.dll+0x657594]
V  [jvm.dll+0x60bd8a]
V  [jvm.dll+0x609db4]
V  [jvm.dll+0x2177ce]
V  [jvm.dll+0x216d81]
V  [jvm.dll+0x1a3410]
V  [jvm.dll+0x226aeb]
V  [jvm.dll+0x224cab]
V  [jvm.dll+0x78e45c]
V  [jvm.dll+0x78888a]
V  [jvm.dll+0x676935]
C  [ucrtbase.dll+0x29333]
C  [KERNEL32.DLL+0x1257d]
C  [ntdll.dll+0x5aa48]


---------------  P R O C E S S  ---------------

Threads class SMR info:
_java_thread_list=0x000002323693e2b0, length=46, elements={
0x00000232780ebf30, 0x00000232162d0350, 0x00000232162d10e0, 0x00000232162e3940,
0x00000232162e5420, 0x00000232162e7d00, 0x00000232162e85d0, 0x00000232162e9690,
0x00000232162ef560, 0x00000232162f9e90, 0x00000232162bf210, 0x00000232165d1030,
0x0000023237b6d7f0, 0x0000023236fba1a0, 0x000002323834b8f0, 0x00000232375b2060,
0x0000023237f37010, 0x0000023237c34c00, 0x0000023237c35620, 0x0000023237c37ea0,
0x0000023237c383b0, 0x0000023237c37480, 0x0000023237c35b30, 0x0000023237c36550,
0x0000023237c36040, 0x0000023237c37990, 0x0000023237c36a60, 0x0000023239e43510,
0x0000023239e3f340, 0x0000023239e411a0, 0x0000023239e43000, 0x0000023239e3fd60,
0x0000023239e42af0, 0x0000023239e43f30, 0x0000023239e3f850, 0x0000023239e44440,
0x0000023239e3cfd0, 0x0000023239e416b0, 0x0000023239e40270, 0x0000023239e3d4e0,
0x000002323ad31c80, 0x000002323ad38be0, 0x000002323ad36360, 0x000002323ad35430,
0x000002323ad377a0, 0x0000023238f30060
}

Java Threads: ( => current thread )
  0x00000232780ebf30 JavaThread "main" [_thread_blocked, id=14996, stack(0x0000005152600000,0x0000005152700000)]
  0x00000232162d0350 JavaThread "Reference Handler" daemon [_thread_blocked, id=11148, stack(0x0000005152d00000,0x0000005152e00000)]
  0x00000232162d10e0 JavaThread "Finalizer" daemon [_thread_blocked, id=4732, stack(0x0000005152e00000,0x0000005152f00000)]
  0x00000232162e3940 JavaThread "Signal Dispatcher" daemon [_thread_blocked, id=15436, stack(0x0000005152f00000,0x0000005153000000)]
  0x00000232162e5420 JavaThread "Attach Listener" daemon [_thread_blocked, id=20368, stack(0x0000005153000000,0x0000005153100000)]
  0x00000232162e7d00 JavaThread "Service Thread" daemon [_thread_blocked, id=15564, stack(0x0000005153100000,0x0000005153200000)]
  0x00000232162e85d0 JavaThread "Monitor Deflation Thread" daemon [_thread_blocked, id=19956, stack(0x0000005153200000,0x0000005153300000)]
  0x00000232162e9690 JavaThread "C2 CompilerThread0" daemon [_thread_in_native, id=14880, stack(0x0000005153300000,0x0000005153400000)]
  0x00000232162ef560 JavaThread "C1 CompilerThread0" daemon [_thread_in_vm, id=4436, stack(0x0000005153400000,0x0000005153500000)]
  0x00000232162f9e90 JavaThread "Sweeper thread" daemon [_thread_blocked, id=16916, stack(0x0000005153500000,0x0000005153600000)]
  0x00000232162bf210 JavaThread "Common-Cleaner" daemon [_thread_blocked, id=10476, stack(0x0000005153600000,0x0000005153700000)]
  0x00000232165d1030 JavaThread "Notification Thread" daemon [_thread_blocked, id=13700, stack(0x0000005153700000,0x0000005153800000)]
  0x0000023237b6d7f0 JavaThread "Daemon health stats" [_thread_blocked, id=13512, stack(0x0000005153e00000,0x0000005153f00000)]
  0x0000023236fba1a0 JavaThread "Incoming local TCP Connector on port 37396" [_thread_in_native, id=16120, stack(0x0000005153f00000,0x0000005154000000)]
  0x000002323834b8f0 JavaThread "Daemon periodic checks" [_thread_blocked, id=17644, stack(0x0000005154000000,0x0000005154100000)]
  0x00000232375b2060 JavaThread "Daemon" [_thread_blocked, id=13840, stack(0x0000005154100000,0x0000005154200000)]
  0x0000023237f37010 JavaThread "Handler for socket connection from /127.0.0.1:37396 to /127.0.0.1:37397" [_thread_in_native, id=19648, stack(0x0000005154200000,0x0000005154300000)]
  0x0000023237c34c00 JavaThread "Cancel handler" [_thread_blocked, id=15264, stack(0x0000005154300000,0x0000005154400000)]
  0x0000023237c35620 JavaThread "Daemon worker" [_thread_in_vm, id=6176, stack(0x0000005154400000,0x0000005154500000)]
  0x0000023237c37ea0 JavaThread "Asynchronous log dispatcher for DefaultDaemonConnection: socket connection from /127.0.0.1:37396 to /127.0.0.1:37397" [_thread_blocked, id=18956, stack(0x0000005154500000,0x0000005154600000)]
  0x0000023237c383b0 JavaThread "Stdin handler" [_thread_blocked, id=7548, stack(0x0000005154600000,0x0000005154700000)]
  0x0000023237c37480 JavaThread "Daemon client event forwarder" [_thread_in_vm, id=7368, stack(0x0000005154700000,0x0000005154800000)]
  0x0000023237c35b30 JavaThread "Cache worker for journal cache (C:\Users\NexusL\.gradle\caches\journal-1)" [_thread_blocked, id=10608, stack(0x0000005154800000,0x0000005154900000)]
  0x0000023237c36550 JavaThread "File lock request listener" [_thread_in_native, id=18584, stack(0x0000005154900000,0x0000005154a00000)]
  0x0000023237c36040 JavaThread "Cache worker for file hash cache (C:\Users\NexusL\.gradle\caches\8.6\fileHashes)" [_thread_blocked, id=9920, stack(0x0000005154a00000,0x0000005154b00000)]
  0x0000023237c37990 JavaThread "File watcher server" daemon [_thread_in_native, id=17332, stack(0x0000005154e00000,0x0000005154f00000)]
  0x0000023237c36a60 JavaThread "File watcher consumer" daemon [_thread_blocked, id=12952, stack(0x0000005154f00000,0x0000005155000000)]
  0x0000023239e43510 JavaThread "Cache worker for file content cache (C:\Users\NexusL\.gradle\caches\8.6\fileContent)" [_thread_blocked, id=10372, stack(0x0000005155400000,0x0000005155500000)]
  0x0000023239e3f340 JavaThread "File lock release action executor" [_thread_blocked, id=17892, stack(0x0000005155600000,0x0000005155700000)]
  0x0000023239e411a0 JavaThread "jar transforms" [_thread_blocked, id=17044, stack(0x0000005155700000,0x0000005155800000)]
  0x0000023239e43000 JavaThread "jar transforms Thread 2" [_thread_blocked, id=14512, stack(0x0000005155800000,0x0000005155900000)]
  0x0000023239e3fd60 JavaThread "jar transforms Thread 3" [_thread_blocked, id=17840, stack(0x0000005155500000,0x0000005155600000)]
  0x0000023239e42af0 JavaThread "jar transforms Thread 4" [_thread_blocked, id=9756, stack(0x0000005155900000,0x0000005155a00000)]
  0x0000023239e43f30 JavaThread "Exec process" [_thread_blocked, id=18548, stack(0x0000005155a00000,0x0000005155b00000)]
  0x0000023239e3f850 JavaThread "Exec process Thread 2" [_thread_blocked, id=14364, stack(0x0000005155b00000,0x0000005155c00000)]
  0x0000023239e44440 JavaThread "Exec process Thread 3" [_thread_blocked, id=18388, stack(0x0000005155c00000,0x0000005155d00000)]
  0x0000023239e3cfd0 JavaThread "jar transforms Thread 5" [_thread_blocked, id=20364, stack(0x0000005155e00000,0x0000005155f00000)]
  0x0000023239e416b0 JavaThread "jar transforms Thread 6" [_thread_blocked, id=4620, stack(0x0000005155f00000,0x0000005156000000)]
  0x0000023239e40270 JavaThread "jar transforms Thread 7" [_thread_blocked, id=17176, stack(0x0000005156200000,0x0000005156300000)]
  0x0000023239e3d4e0 JavaThread "jar transforms Thread 8" [_thread_blocked, id=16716, stack(0x0000005156300000,0x0000005156400000)]
  0x000002323ad31c80 JavaThread "Memory manager" [_thread_blocked, id=2900, stack(0x0000005156f00000,0x0000005157000000)]
  0x000002323ad38be0 JavaThread "ForkJoinPool.commonPool-worker-1" daemon [_thread_blocked, id=6564, stack(0x0000005157100000,0x0000005157200000)]
  0x000002323ad36360 JavaThread "ForkJoinPool.commonPool-worker-2" daemon [_thread_blocked, id=19420, stack(0x0000005157200000,0x0000005157300000)]
  0x000002323ad35430 JavaThread "ForkJoinPool.commonPool-worker-3" daemon [_thread_blocked, id=16812, stack(0x0000005157300000,0x0000005157400000)]
  0x000002323ad377a0 JavaThread "included builds" [_thread_blocked, id=7196, stack(0x0000005156600000,0x0000005156700000)]
=>0x0000023238f30060 JavaThread "C2 CompilerThread1" daemon [_thread_in_native, id=12588, stack(0x0000005159400000,0x0000005159500000)]

Other Threads:
  0x00000232162cc840 VMThread "VM Thread" [stack: 0x0000005152c00000,0x0000005152d00000] [id=12408]
  0x000002321660dd10 WatcherThread [stack: 0x0000005153800000,0x0000005153900000] [id=8016]
  0x0000023278145be0 GCTaskThread "GC Thread#0" [stack: 0x0000005152700000,0x0000005152800000] [id=6760]
  0x00000232166ec910 GCTaskThread "GC Thread#1" [stack: 0x0000005153900000,0x0000005153a00000] [id=14544]
  0x00000232166ec0d0 GCTaskThread "GC Thread#2" [stack: 0x0000005153a00000,0x0000005153b00000] [id=14432]
  0x00000232166ec390 GCTaskThread "GC Thread#3" [stack: 0x0000005153b00000,0x0000005153c00000] [id=20156]
  0x00000232166ed410 GCTaskThread "GC Thread#4" [stack: 0x0000005153c00000,0x0000005153d00000] [id=18536]
  0x00000232166ed990 GCTaskThread "GC Thread#5" [stack: 0x0000005154b00000,0x0000005154c00000] [id=10076]
  0x00000232166ece90 GCTaskThread "GC Thread#6" [stack: 0x0000005154c00000,0x0000005154d00000] [id=8488]
  0x00000232166ed6d0 GCTaskThread "GC Thread#7" [stack: 0x0000005154d00000,0x0000005154e00000] [id=13856]
  0x0000023278156a40 ConcurrentGCThread "G1 Main Marker" [stack: 0x0000005152800000,0x0000005152900000] [id=18732]
  0x0000023278158370 ConcurrentGCThread "G1 Conc#0" [stack: 0x0000005152900000,0x0000005152a00000] [id=15732]
  0x0000023239153310 ConcurrentGCThread "G1 Conc#1" [stack: 0x0000005153d00000,0x0000005153e00000] [id=5328]
  0x00000232781ad5d0 ConcurrentGCThread "G1 Refine#0" [stack: 0x0000005152a00000,0x0000005152b00000] [id=9804]
  0x00000232781adf10 ConcurrentGCThread "G1 Service" [stack: 0x0000005152b00000,0x0000005152c00000] [id=19836]

Threads with active compile tasks:
C2 CompilerThread0    58554 10676   !   4       java.io.ObjectOutputStream::writeObject0 (620 bytes)
C1 CompilerThread0    58554 10685       3       java.io.OutputStreamWriter::flushBuffer (8 bytes)
C2 CompilerThread1    58554 10477       4       java.beans.MethodRef::set (58 bytes)

VM state: not at safepoint (normal execution)

VM Mutex/Monitor currently owned by a thread: None

Heap address: 0x0000000080000000, size: 2048 MB, Compressed Oops mode: 32-bit

CDS archive(s) mapped at: [0x0000023217000000-0x0000023217bd0000-0x0000023217bd0000), size 12386304, SharedBaseAddress: 0x0000023217000000, ArchiveRelocationMode: 1.
Compressed class space mapped at: 0x0000023218000000-0x0000023232000000, reserved size: 436207616
Narrow klass base: 0x0000023217000000, Narrow klass shift: 0, Narrow klass range: 0x100000000

GC Precious Log:
 CPUs: 8 total, 8 available
 Memory: 8006M
 Large Page Support: Disabled
 NUMA Support: Disabled
 Compressed Oops: Enabled (32-bit)
 Heap Region Size: 1M
 Heap Min Capacity: 8M
 Heap Initial Capacity: 126M
 Heap Max Capacity: 2G
 Pre-touch: Disabled
 Parallel Workers: 8
 Concurrent Workers: 2
 Concurrent Refinement Workers: 8
 Periodic GC: Disabled

Heap:
 garbage-first heap   total 201728K, used 150123K [0x0000000080000000, 0x0000000100000000)
  region size 1024K, 56 young (57344K), 7 survivors (7168K)
 Metaspace       used 83815K, committed 84672K, reserved 557056K
  class space    used 11733K, committed 12160K, reserved 425984K

Heap Regions: E=young(eden), S=young(survivor), O=old, HS=humongous(starts), HC=humongous(continues), CS=collection set, F=free, OA=open archive, CA=closed archive, TAMS=top-at-mark-start (previous, next)
|   0|0x0000000080000000, 0x0000000080100000, 0x0000000080100000|100%|HS|  |TAMS 0x0000000080100000, 0x0000000080000000| Complete 
|   1|0x0000000080100000, 0x0000000080200000, 0x0000000080200000|100%|HC|  |TAMS 0x0000000080200000, 0x0000000080100000| Complete 
|   2|0x0000000080200000, 0x0000000080300000, 0x0000000080300000|100%|HC|  |TAMS 0x0000000080300000, 0x0000000080200000| Complete 
|   3|0x0000000080300000, 0x0000000080400000, 0x0000000080400000|100%|HC|  |TAMS 0x0000000080400000, 0x0000000080300000| Complete 
|   4|0x0000000080400000, 0x0000000080500000, 0x0000000080500000|100%| O|  |TAMS 0x0000000080500000, 0x0000000080400000| Untracked 
|   5|0x0000000080500000, 0x0000000080600000, 0x0000000080600000|100%| O|  |TAMS 0x0000000080600000, 0x0000000080500000| Untracked 
|   6|0x0000000080600000, 0x0000000080700000, 0x0000000080700000|100%| O|  |TAMS 0x0000000080700000, 0x0000000080600000| Untracked 
|   7|0x0000000080700000, 0x0000000080800000, 0x0000000080800000|100%| O|  |TAMS 0x0000000080800000, 0x0000000080700000| Untracked 
|   8|0x0000000080800000, 0x0000000080900000, 0x0000000080900000|100%| O|  |TAMS 0x0000000080900000, 0x0000000080800000| Untracked 
|   9|0x0000000080900000, 0x0000000080a00000, 0x0000000080a00000|100%| O|  |TAMS 0x0000000080a00000, 0x0000000080900000| Untracked 
|  10|0x0000000080a00000, 0x0000000080b00000, 0x0000000080b00000|100%| O|  |TAMS 0x0000000080b00000, 0x0000000080a00000| Untracked 
|  11|0x0000000080b00000, 0x0000000080c00000, 0x0000000080c00000|100%| O|  |TAMS 0x0000000080c00000, 0x0000000080b00000| Untracked 
|  12|0x0000000080c00000, 0x0000000080d00000, 0x0000000080d00000|100%| O|  |TAMS 0x0000000080d00000, 0x0000000080c00000| Untracked 
|  13|0x0000000080d00000, 0x0000000080e00000, 0x0000000080e00000|100%| O|  |TAMS 0x0000000080e00000, 0x0000000080d00000| Untracked 
|  14|0x0000000080e00000, 0x0000000080f00000, 0x0000000080f00000|100%| O|  |TAMS 0x0000000080f00000, 0x0000000080e00000| Untracked 
|  15|0x0000000080f00000, 0x0000000081000000, 0x0000000081000000|100%| O|  |TAMS 0x0000000081000000, 0x0000000080f00000| Untracked 
|  16|0x0000000081000000, 0x0000000081100000, 0x0000000081100000|100%| O|  |TAMS 0x0000000081100000, 0x0000000081000000| Untracked 
|  17|0x0000000081100000, 0x0000000081200000, 0x0000000081200000|100%| O|  |TAMS 0x0000000081200000, 0x0000000081100000| Untracked 
|  18|0x0000000081200000, 0x0000000081300000, 0x0000000081300000|100%| O|  |TAMS 0x0000000081300000, 0x0000000081200000| Untracked 
|  19|0x0000000081300000, 0x00000000813a8a00, 0x0000000081400000| 65%| O|  |TAMS 0x00000000813a8a00, 0x0000000081300000| Untracked 
|  20|0x0000000081400000, 0x0000000081500000, 0x0000000081500000|100%| O|  |TAMS 0x0000000081500000, 0x0000000081400000| Untracked 
|  21|0x0000000081500000, 0x0000000081600000, 0x0000000081600000|100%| O|  |TAMS 0x0000000081600000, 0x0000000081500000| Untracked 
|  22|0x0000000081600000, 0x0000000081700000, 0x0000000081700000|100%| O|  |TAMS 0x0000000081700000, 0x0000000081600000| Untracked 
|  23|0x0000000081700000, 0x0000000081800000, 0x0000000081800000|100%| O|  |TAMS 0x0000000081800000, 0x0000000081700000| Untracked 
|  24|0x0000000081800000, 0x0000000081900000, 0x0000000081900000|100%| O|  |TAMS 0x0000000081900000, 0x0000000081800000| Untracked 
|  25|0x0000000081900000, 0x0000000081a00000, 0x0000000081a00000|100%| O|  |TAMS 0x0000000081a00000, 0x0000000081900000| Untracked 
|  26|0x0000000081a00000, 0x0000000081b00000, 0x0000000081b00000|100%| O|  |TAMS 0x0000000081b00000, 0x0000000081a00000| Untracked 
|  27|0x0000000081b00000, 0x0000000081c00000, 0x0000000081c00000|100%| O|  |TAMS 0x0000000081c00000, 0x0000000081b00000| Untracked 
|  28|0x0000000081c00000, 0x0000000081d00000, 0x0000000081d00000|100%| O|  |TAMS 0x0000000081d00000, 0x0000000081c00000| Untracked 
|  29|0x0000000081d00000, 0x0000000081e00000, 0x0000000081e00000|100%| O|  |TAMS 0x0000000081e00000, 0x0000000081d00000| Untracked 
|  30|0x0000000081e00000, 0x0000000081f00000, 0x0000000081f00000|100%| O|  |TAMS 0x0000000081f00000, 0x0000000081e00000| Untracked 
|  31|0x0000000081f00000, 0x0000000082000000, 0x0000000082000000|100%| O|  |TAMS 0x0000000082000000, 0x0000000081f00000| Untracked 
|  32|0x0000000082000000, 0x0000000082100000, 0x0000000082100000|100%| O|  |TAMS 0x0000000082100000, 0x0000000082000000| Untracked 
|  33|0x0000000082100000, 0x0000000082200000, 0x0000000082200000|100%| O|  |TAMS 0x0000000082200000, 0x0000000082100000| Untracked 
|  34|0x0000000082200000, 0x0000000082300000, 0x0000000082300000|100%| O|  |TAMS 0x0000000082300000, 0x0000000082200000| Untracked 
|  35|0x0000000082300000, 0x0000000082400000, 0x0000000082400000|100%| O|  |TAMS 0x0000000082400000, 0x0000000082300000| Untracked 
|  36|0x0000000082400000, 0x0000000082500000, 0x0000000082500000|100%| O|  |TAMS 0x0000000082500000, 0x0000000082400000| Untracked 
|  37|0x0000000082500000, 0x0000000082600000, 0x0000000082600000|100%| O|  |TAMS 0x0000000082600000, 0x0000000082500000| Untracked 
|  38|0x0000000082600000, 0x0000000082700000, 0x0000000082700000|100%| O|  |TAMS 0x0000000082700000, 0x0000000082600000| Untracked 
|  39|0x0000000082700000, 0x0000000082800000, 0x0000000082800000|100%| O|  |TAMS 0x0000000082800000, 0x0000000082700000| Untracked 
|  40|0x0000000082800000, 0x0000000082900000, 0x0000000082900000|100%| O|  |TAMS 0x0000000082900000, 0x0000000082800000| Untracked 
|  41|0x0000000082900000, 0x0000000082a00000, 0x0000000082a00000|100%| O|  |TAMS 0x0000000082a00000, 0x0000000082900000| Untracked 
|  42|0x0000000082a00000, 0x0000000082b00000, 0x0000000082b00000|100%|HS|  |TAMS 0x0000000082b00000, 0x0000000082a00000| Complete 
|  43|0x0000000082b00000, 0x0000000082c00000, 0x0000000082c00000|100%|HC|  |TAMS 0x0000000082c00000, 0x0000000082b00000| Complete 
|  44|0x0000000082c00000, 0x0000000082d00000, 0x0000000082d00000|100%|HS|  |TAMS 0x0000000082d00000, 0x0000000082c00000| Complete 
|  45|0x0000000082d00000, 0x0000000082e00000, 0x0000000082e00000|100%|HC|  |TAMS 0x0000000082e00000, 0x0000000082d00000| Complete 
|  46|0x0000000082e00000, 0x0000000082f00000, 0x0000000082f00000|100%| O|  |TAMS 0x0000000082f00000, 0x0000000082e00000| Untracked 
|  47|0x0000000082f00000, 0x0000000083000000, 0x0000000083000000|100%| O|  |TAMS 0x0000000083000000, 0x0000000082f00000| Untracked 
|  48|0x0000000083000000, 0x0000000083100000, 0x0000000083100000|100%|HS|  |TAMS 0x0000000083100000, 0x0000000083000000| Complete 
|  49|0x0000000083100000, 0x0000000083200000, 0x0000000083200000|100%|HC|  |TAMS 0x0000000083200000, 0x0000000083100000| Complete 
|  50|0x0000000083200000, 0x0000000083300000, 0x0000000083300000|100%|HC|  |TAMS 0x0000000083300000, 0x0000000083200000| Complete 
|  51|0x0000000083300000, 0x0000000083400000, 0x0000000083400000|100%|HC|  |TAMS 0x0000000083400000, 0x0000000083300000| Complete 
|  52|0x0000000083400000, 0x0000000083500000, 0x0000000083500000|100%|HS|  |TAMS 0x0000000083500000, 0x0000000083400000| Complete 
|  53|0x0000000083500000, 0x0000000083600000, 0x0000000083600000|100%|HC|  |TAMS 0x0000000083600000, 0x0000000083500000| Complete 
|  54|0x0000000083600000, 0x0000000083700000, 0x0000000083700000|100%|HC|  |TAMS 0x0000000083700000, 0x0000000083600000| Complete 
|  55|0x0000000083700000, 0x0000000083800000, 0x0000000083800000|100%|HC|  |TAMS 0x0000000083800000, 0x0000000083700000| Complete 
|  56|0x0000000083800000, 0x0000000083900000, 0x0000000083900000|100%| O|  |TAMS 0x0000000083900000, 0x0000000083800000| Untracked 
|  57|0x0000000083900000, 0x0000000083a00000, 0x0000000083a00000|100%| O|  |TAMS 0x0000000083a00000, 0x0000000083900000| Untracked 
|  58|0x0000000083a00000, 0x0000000083b00000, 0x0000000083b00000|100%| O|  |TAMS 0x0000000083b00000, 0x0000000083a00000| Untracked 
|  59|0x0000000083b00000, 0x0000000083c00000, 0x0000000083c00000|100%| O|  |TAMS 0x0000000083c00000, 0x0000000083b00000| Untracked 
|  60|0x0000000083c00000, 0x0000000083d00000, 0x0000000083d00000|100%| O|  |TAMS 0x0000000083d00000, 0x0000000083c00000| Untracked 
|  61|0x0000000083d00000, 0x0000000083e00000, 0x0000000083e00000|100%| O|  |TAMS 0x0000000083e00000, 0x0000000083d00000| Untracked 
|  62|0x0000000083e00000, 0x0000000083f00000, 0x0000000083f00000|100%| O|  |TAMS 0x0000000083f00000, 0x0000000083e00000| Untracked 
|  63|0x0000000083f00000, 0x0000000084000000, 0x0000000084000000|100%| O|  |TAMS 0x0000000084000000, 0x0000000083f00000| Untracked 
|  64|0x0000000084000000, 0x0000000084000000, 0x0000000084100000|  0%| F|  |TAMS 0x0000000084000000, 0x0000000084000000| Untracked 
|  65|0x0000000084100000, 0x0000000084100000, 0x0000000084200000|  0%| F|  |TAMS 0x0000000084100000, 0x0000000084100000| Untracked 
|  66|0x0000000084200000, 0x0000000084300000, 0x0000000084300000|100%| O|  |TAMS 0x0000000084300000, 0x0000000084200000| Untracked 
|  67|0x0000000084300000, 0x0000000084400000, 0x0000000084400000|100%| O|  |TAMS 0x0000000084400000, 0x0000000084300000| Untracked 
|  68|0x0000000084400000, 0x0000000084500000, 0x0000000084500000|100%| O|  |TAMS 0x0000000084500000, 0x0000000084400000| Untracked 
|  69|0x0000000084500000, 0x0000000084600000, 0x0000000084600000|100%| O|  |TAMS 0x0000000084600000, 0x0000000084500000| Untracked 
|  70|0x0000000084600000, 0x0000000084700000, 0x0000000084700000|100%| O|  |TAMS 0x0000000084700000, 0x0000000084600000| Untracked 
|  71|0x0000000084700000, 0x0000000084800000, 0x0000000084800000|100%| O|  |TAMS 0x0000000084800000, 0x0000000084700000| Untracked 
|  72|0x0000000084800000, 0x0000000084900000, 0x0000000084900000|100%|HS|  |TAMS 0x0000000084900000, 0x0000000084800000| Complete 
|  73|0x0000000084900000, 0x0000000084a00000, 0x0000000084a00000|100%|HS|  |TAMS 0x0000000084a00000, 0x0000000084900000| Complete 
|  74|0x0000000084a00000, 0x0000000084b00000, 0x0000000084b00000|100%|HS|  |TAMS 0x0000000084b00000, 0x0000000084a00000| Complete 
|  75|0x0000000084b00000, 0x0000000084c00000, 0x0000000084c00000|100%|HS|  |TAMS 0x0000000084c00000, 0x0000000084b00000| Complete 
|  76|0x0000000084c00000, 0x0000000084d00000, 0x0000000084d00000|100%|HS|  |TAMS 0x0000000084d00000, 0x0000000084c00000| Complete 
|  77|0x0000000084d00000, 0x0000000084e00000, 0x0000000084e00000|100%| O|  |TAMS 0x0000000084e00000, 0x0000000084d00000| Untracked 
|  78|0x0000000084e00000, 0x0000000084f00000, 0x0000000084f00000|100%| O|  |TAMS 0x0000000084f00000, 0x0000000084e00000| Untracked 
|  79|0x0000000084f00000, 0x0000000085000000, 0x0000000085000000|100%| O|  |TAMS 0x0000000085000000, 0x0000000084f00000| Untracked 
|  80|0x0000000085000000, 0x0000000085100000, 0x0000000085100000|100%| O|  |TAMS 0x0000000085100000, 0x0000000085000000| Untracked 
|  81|0x0000000085100000, 0x0000000085200000, 0x0000000085200000|100%| O|  |TAMS 0x0000000085200000, 0x0000000085100000| Untracked 
|  82|0x0000000085200000, 0x0000000085300000, 0x0000000085300000|100%| O|  |TAMS 0x0000000085300000, 0x0000000085200000| Untracked 
|  83|0x0000000085300000, 0x0000000085400000, 0x0000000085400000|100%| O|  |TAMS 0x0000000085400000, 0x0000000085300000| Untracked 
|  84|0x0000000085400000, 0x0000000085500000, 0x0000000085500000|100%| O|  |TAMS 0x0000000085500000, 0x0000000085400000| Untracked 
|  85|0x0000000085500000, 0x0000000085600000, 0x0000000085600000|100%| O|  |TAMS 0x0000000085600000, 0x0000000085500000| Untracked 
|  86|0x0000000085600000, 0x0000000085700000, 0x0000000085700000|100%| O|  |TAMS 0x0000000085700000, 0x0000000085600000| Untracked 
|  87|0x0000000085700000, 0x0000000085800000, 0x0000000085800000|100%| O|  |TAMS 0x0000000085800000, 0x0000000085700000| Untracked 
|  88|0x0000000085800000, 0x0000000085900000, 0x0000000085900000|100%| O|  |TAMS 0x0000000085800000, 0x0000000085800000| Untracked 
|  89|0x0000000085900000, 0x0000000085a00000, 0x0000000085a00000|100%| O|  |TAMS 0x0000000085900000, 0x0000000085900000| Untracked 
|  90|0x0000000085a00000, 0x0000000085a09c00, 0x0000000085b00000|  3%| O|  |TAMS 0x0000000085a00000, 0x0000000085a00000| Untracked 
|  91|0x0000000085b00000, 0x0000000085b00000, 0x0000000085c00000|  0%| F|  |TAMS 0x0000000085b00000, 0x0000000085b00000| Untracked 
|  92|0x0000000085c00000, 0x0000000085c00000, 0x0000000085d00000|  0%| F|  |TAMS 0x0000000085c00000, 0x0000000085c00000| Untracked 
|  93|0x0000000085d00000, 0x0000000085d00000, 0x0000000085e00000|  0%| F|  |TAMS 0x0000000085d00000, 0x0000000085d00000| Untracked 
|  94|0x0000000085e00000, 0x0000000085f00000, 0x0000000085f00000|100%| O|  |TAMS 0x0000000085f00000, 0x0000000085e00000| Untracked 
|  95|0x0000000085f00000, 0x0000000086000000, 0x0000000086000000|100%| O|  |TAMS 0x0000000086000000, 0x0000000085f00000| Untracked 
|  96|0x0000000086000000, 0x0000000086100000, 0x0000000086100000|100%| O|  |TAMS 0x0000000086100000, 0x0000000086000000| Untracked 
|  97|0x0000000086100000, 0x0000000086200000, 0x0000000086200000|100%| O|  |TAMS 0x000000008612ce00, 0x0000000086100000| Untracked 
|  98|0x0000000086200000, 0x0000000086200000, 0x0000000086300000|  0%| F|  |TAMS 0x0000000086200000, 0x0000000086200000| Untracked 
|  99|0x0000000086300000, 0x0000000086300000, 0x0000000086400000|  0%| F|  |TAMS 0x0000000086300000, 0x0000000086300000| Untracked 
| 100|0x0000000086400000, 0x0000000086400000, 0x0000000086500000|  0%| F|  |TAMS 0x0000000086400000, 0x0000000086400000| Untracked 
| 101|0x0000000086500000, 0x0000000086500000, 0x0000000086600000|  0%| F|  |TAMS 0x0000000086500000, 0x0000000086500000| Untracked 
| 102|0x0000000086600000, 0x0000000086600000, 0x0000000086700000|  0%| F|  |TAMS 0x0000000086600000, 0x0000000086600000| Untracked 
| 103|0x0000000086700000, 0x0000000086700000, 0x0000000086800000|  0%| F|  |TAMS 0x0000000086700000, 0x0000000086700000| Untracked 
| 104|0x0000000086800000, 0x0000000086800000, 0x0000000086900000|  0%| F|  |TAMS 0x0000000086800000, 0x0000000086800000| Untracked 
| 105|0x0000000086900000, 0x0000000086900000, 0x0000000086a00000|  0%| F|  |TAMS 0x0000000086900000, 0x0000000086900000| Untracked 
| 106|0x0000000086a00000, 0x0000000086a00000, 0x0000000086b00000|  0%| F|  |TAMS 0x0000000086a00000, 0x0000000086a00000| Untracked 
| 107|0x0000000086b00000, 0x0000000086b00000, 0x0000000086c00000|  0%| F|  |TAMS 0x0000000086b00000, 0x0000000086b00000| Untracked 
| 108|0x0000000086c00000, 0x0000000086c00000, 0x0000000086d00000|  0%| F|  |TAMS 0x0000000086c00000, 0x0000000086c00000| Untracked 
| 109|0x0000000086d00000, 0x0000000086d00000, 0x0000000086e00000|  0%| F|  |TAMS 0x0000000086d00000, 0x0000000086d00000| Untracked 
| 110|0x0000000086e00000, 0x0000000086e00000, 0x0000000086f00000|  0%| F|  |TAMS 0x0000000086e00000, 0x0000000086e00000| Untracked 
| 111|0x0000000086f00000, 0x0000000086f00000, 0x0000000087000000|  0%| F|  |TAMS 0x0000000086f00000, 0x0000000086f00000| Untracked 
| 112|0x0000000087000000, 0x0000000087000000, 0x0000000087100000|  0%| F|  |TAMS 0x0000000087000000, 0x0000000087000000| Untracked 
| 113|0x0000000087100000, 0x0000000087100000, 0x0000000087200000|  0%| F|  |TAMS 0x0000000087100000, 0x0000000087100000| Untracked 
| 114|0x0000000087200000, 0x0000000087200000, 0x0000000087300000|  0%| F|  |TAMS 0x0000000087200000, 0x0000000087200000| Untracked 
| 115|0x0000000087300000, 0x0000000087300000, 0x0000000087400000|  0%| F|  |TAMS 0x0000000087300000, 0x0000000087300000| Untracked 
| 116|0x0000000087400000, 0x0000000087400000, 0x0000000087500000|  0%| F|  |TAMS 0x0000000087400000, 0x0000000087400000| Untracked 
| 117|0x0000000087500000, 0x0000000087500000, 0x0000000087600000|  0%| F|  |TAMS 0x0000000087500000, 0x0000000087500000| Untracked 
| 118|0x0000000087600000, 0x0000000087600000, 0x0000000087700000|  0%| F|  |TAMS 0x0000000087600000, 0x0000000087600000| Untracked 
| 119|0x0000000087700000, 0x0000000087700000, 0x0000000087800000|  0%| F|  |TAMS 0x0000000087700000, 0x0000000087700000| Untracked 
| 120|0x0000000087800000, 0x0000000087800000, 0x0000000087900000|  0%| F|  |TAMS 0x0000000087800000, 0x0000000087800000| Untracked 
| 121|0x0000000087900000, 0x0000000087900000, 0x0000000087a00000|  0%| F|  |TAMS 0x0000000087900000, 0x0000000087900000| Untracked 
| 122|0x0000000087a00000, 0x0000000087a00000, 0x0000000087b00000|  0%| F|  |TAMS 0x0000000087a00000, 0x0000000087a00000| Untracked 
| 123|0x0000000087b00000, 0x0000000087b00000, 0x0000000087c00000|  0%| F|  |TAMS 0x0000000087b00000, 0x0000000087b00000| Untracked 
| 124|0x0000000087c00000, 0x0000000087c00000, 0x0000000087d00000|  0%| F|  |TAMS 0x0000000087c00000, 0x0000000087c00000| Untracked 
| 125|0x0000000087d00000, 0x0000000087de8800, 0x0000000087e00000| 90%| S|CS|TAMS 0x0000000087d00000, 0x0000000087d00000| Complete 
| 126|0x0000000087e00000, 0x0000000087f00000, 0x0000000087f00000|100%| S|CS|TAMS 0x0000000087e00000, 0x0000000087e00000| Complete 
| 127|0x0000000087f00000, 0x0000000088000000, 0x0000000088000000|100%| S|CS|TAMS 0x0000000087f00000, 0x0000000087f00000| Complete 
| 128|0x0000000088000000, 0x0000000088100000, 0x0000000088100000|100%| S|CS|TAMS 0x0000000088000000, 0x0000000088000000| Complete 
| 129|0x0000000088100000, 0x0000000088200000, 0x0000000088200000|100%| S|CS|TAMS 0x0000000088100000, 0x0000000088100000| Complete 
| 130|0x0000000088200000, 0x0000000088300000, 0x0000000088300000|100%| S|CS|TAMS 0x0000000088200000, 0x0000000088200000| Complete 
| 131|0x0000000088300000, 0x0000000088400000, 0x0000000088400000|100%| S|CS|TAMS 0x0000000088300000, 0x0000000088300000| Complete 
| 132|0x0000000088400000, 0x0000000088400000, 0x0000000088500000|  0%| F|  |TAMS 0x0000000088400000, 0x0000000088400000| Untracked 
| 133|0x0000000088500000, 0x0000000088500000, 0x0000000088600000|  0%| F|  |TAMS 0x0000000088500000, 0x0000000088500000| Untracked 
| 134|0x0000000088600000, 0x0000000088600000, 0x0000000088700000|  0%| F|  |TAMS 0x0000000088600000, 0x0000000088600000| Untracked 
| 135|0x0000000088700000, 0x0000000088700000, 0x0000000088800000|  0%| F|  |TAMS 0x0000000088700000, 0x0000000088700000| Untracked 
| 136|0x0000000088800000, 0x0000000088800000, 0x0000000088900000|  0%| F|  |TAMS 0x0000000088800000, 0x0000000088800000| Untracked 
| 137|0x0000000088900000, 0x0000000088900000, 0x0000000088a00000|  0%| F|  |TAMS 0x0000000088900000, 0x0000000088900000| Untracked 
| 138|0x0000000088a00000, 0x0000000088a00000, 0x0000000088b00000|  0%| F|  |TAMS 0x0000000088a00000, 0x0000000088a00000| Untracked 
| 139|0x0000000088b00000, 0x0000000088b00000, 0x0000000088c00000|  0%| F|  |TAMS 0x0000000088b00000, 0x0000000088b00000| Untracked 
| 140|0x0000000088c00000, 0x0000000088c00000, 0x0000000088d00000|  0%| F|  |TAMS 0x0000000088c00000, 0x0000000088c00000| Untracked 
| 141|0x0000000088d00000, 0x0000000088d00000, 0x0000000088e00000|  0%| F|  |TAMS 0x0000000088d00000, 0x0000000088d00000| Untracked 
| 142|0x0000000088e00000, 0x0000000088e00000, 0x0000000088f00000|  0%| F|  |TAMS 0x0000000088e00000, 0x0000000088e00000| Untracked 
| 143|0x0000000088f00000, 0x0000000088f00000, 0x0000000089000000|  0%| F|  |TAMS 0x0000000088f00000, 0x0000000088f00000| Untracked 
| 144|0x0000000089000000, 0x0000000089000000, 0x0000000089100000|  0%| F|  |TAMS 0x0000000089000000, 0x0000000089000000| Untracked 
| 145|0x0000000089100000, 0x0000000089100000, 0x0000000089200000|  0%| F|  |TAMS 0x0000000089100000, 0x0000000089100000| Untracked 
| 146|0x0000000089200000, 0x0000000089200000, 0x0000000089300000|  0%| F|  |TAMS 0x0000000089200000, 0x0000000089200000| Untracked 
| 147|0x0000000089300000, 0x0000000089300000, 0x0000000089400000|  0%| F|  |TAMS 0x0000000089300000, 0x0000000089300000| Untracked 
| 148|0x0000000089400000, 0x00000000894c75e8, 0x0000000089500000| 77%| E|  |TAMS 0x0000000089400000, 0x0000000089400000| Complete 
| 149|0x0000000089500000, 0x0000000089600000, 0x0000000089600000|100%| E|CS|TAMS 0x0000000089500000, 0x0000000089500000| Complete 
| 150|0x0000000089600000, 0x0000000089700000, 0x0000000089700000|100%| E|CS|TAMS 0x0000000089600000, 0x0000000089600000| Complete 
| 151|0x0000000089700000, 0x0000000089800000, 0x0000000089800000|100%| E|CS|TAMS 0x0000000089700000, 0x0000000089700000| Complete 
| 152|0x0000000089800000, 0x0000000089900000, 0x0000000089900000|100%| E|CS|TAMS 0x0000000089800000, 0x0000000089800000| Complete 
| 153|0x0000000089900000, 0x0000000089a00000, 0x0000000089a00000|100%| E|CS|TAMS 0x0000000089900000, 0x0000000089900000| Complete 
| 154|0x0000000089a00000, 0x0000000089b00000, 0x0000000089b00000|100%| E|CS|TAMS 0x0000000089a00000, 0x0000000089a00000| Complete 
| 155|0x0000000089b00000, 0x0000000089c00000, 0x0000000089c00000|100%| E|CS|TAMS 0x0000000089b00000, 0x0000000089b00000| Complete 
| 156|0x0000000089c00000, 0x0000000089d00000, 0x0000000089d00000|100%| E|CS|TAMS 0x0000000089c00000, 0x0000000089c00000| Complete 
| 157|0x0000000089d00000, 0x0000000089e00000, 0x0000000089e00000|100%| E|CS|TAMS 0x0000000089d00000, 0x0000000089d00000| Complete 
| 158|0x0000000089e00000, 0x0000000089f00000, 0x0000000089f00000|100%| E|CS|TAMS 0x0000000089e00000, 0x0000000089e00000| Complete 
| 159|0x0000000089f00000, 0x000000008a000000, 0x000000008a000000|100%| E|CS|TAMS 0x0000000089f00000, 0x0000000089f00000| Complete 
| 160|0x000000008a000000, 0x000000008a100000, 0x000000008a100000|100%| E|CS|TAMS 0x000000008a000000, 0x000000008a000000| Complete 
| 161|0x000000008a100000, 0x000000008a200000, 0x000000008a200000|100%| E|CS|TAMS 0x000000008a100000, 0x000000008a100000| Complete 
| 162|0x000000008a200000, 0x000000008a300000, 0x000000008a300000|100%| E|CS|TAMS 0x000000008a200000, 0x000000008a200000| Complete 
| 163|0x000000008a300000, 0x000000008a400000, 0x000000008a400000|100%| E|CS|TAMS 0x000000008a300000, 0x000000008a300000| Complete 
| 164|0x000000008a400000, 0x000000008a500000, 0x000000008a500000|100%| E|CS|TAMS 0x000000008a400000, 0x000000008a400000| Complete 
| 165|0x000000008a500000, 0x000000008a600000, 0x000000008a600000|100%| E|CS|TAMS 0x000000008a500000, 0x000000008a500000| Complete 
| 166|0x000000008a600000, 0x000000008a700000, 0x000000008a700000|100%| E|CS|TAMS 0x000000008a600000, 0x000000008a600000| Complete 
| 167|0x000000008a700000, 0x000000008a800000, 0x000000008a800000|100%| E|CS|TAMS 0x000000008a700000, 0x000000008a700000| Complete 
| 168|0x000000008a800000, 0x000000008a900000, 0x000000008a900000|100%| E|CS|TAMS 0x000000008a800000, 0x000000008a800000| Complete 
| 169|0x000000008a900000, 0x000000008aa00000, 0x000000008aa00000|100%| E|CS|TAMS 0x000000008a900000, 0x000000008a900000| Complete 
| 170|0x000000008aa00000, 0x000000008ab00000, 0x000000008ab00000|100%| E|CS|TAMS 0x000000008aa00000, 0x000000008aa00000| Complete 
| 171|0x000000008ab00000, 0x000000008ac00000, 0x000000008ac00000|100%| E|CS|TAMS 0x000000008ab00000, 0x000000008ab00000| Complete 
| 172|0x000000008ac00000, 0x000000008ad00000, 0x000000008ad00000|100%| E|CS|TAMS 0x000000008ac00000, 0x000000008ac00000| Complete 
| 173|0x000000008ad00000, 0x000000008ae00000, 0x000000008ae00000|100%| E|CS|TAMS 0x000000008ad00000, 0x000000008ad00000| Complete 
| 174|0x000000008ae00000, 0x000000008af00000, 0x000000008af00000|100%| E|CS|TAMS 0x000000008ae00000, 0x000000008ae00000| Complete 
| 175|0x000000008af00000, 0x000000008b000000, 0x000000008b000000|100%| E|CS|TAMS 0x000000008af00000, 0x000000008af00000| Complete 
| 176|0x000000008b000000, 0x000000008b100000, 0x000000008b100000|100%| E|CS|TAMS 0x000000008b000000, 0x000000008b000000| Complete 
| 177|0x000000008b100000, 0x000000008b200000, 0x000000008b200000|100%| E|CS|TAMS 0x000000008b100000, 0x000000008b100000| Complete 
| 178|0x000000008b200000, 0x000000008b300000, 0x000000008b300000|100%| E|CS|TAMS 0x000000008b200000, 0x000000008b200000| Complete 
| 179|0x000000008b300000, 0x000000008b400000, 0x000000008b400000|100%| E|CS|TAMS 0x000000008b300000, 0x000000008b300000| Complete 
| 180|0x000000008b400000, 0x000000008b500000, 0x000000008b500000|100%| E|CS|TAMS 0x000000008b400000, 0x000000008b400000| Complete 
| 181|0x000000008b500000, 0x000000008b600000, 0x000000008b600000|100%| E|CS|TAMS 0x000000008b500000, 0x000000008b500000| Complete 
| 182|0x000000008b600000, 0x000000008b700000, 0x000000008b700000|100%| E|CS|TAMS 0x000000008b600000, 0x000000008b600000| Complete 
| 183|0x000000008b700000, 0x000000008b800000, 0x000000008b800000|100%| E|CS|TAMS 0x000000008b700000, 0x000000008b700000| Complete 
| 184|0x000000008b800000, 0x000000008b900000, 0x000000008b900000|100%| E|CS|TAMS 0x000000008b800000, 0x000000008b800000| Complete 
| 185|0x000000008b900000, 0x000000008ba00000, 0x000000008ba00000|100%| E|CS|TAMS 0x000000008b900000, 0x000000008b900000| Complete 
| 186|0x000000008ba00000, 0x000000008bb00000, 0x000000008bb00000|100%| E|CS|TAMS 0x000000008ba00000, 0x000000008ba00000| Complete 
| 187|0x000000008bb00000, 0x000000008bc00000, 0x000000008bc00000|100%| E|CS|TAMS 0x000000008bb00000, 0x000000008bb00000| Complete 
| 188|0x000000008bc00000, 0x000000008bd00000, 0x000000008bd00000|100%| E|CS|TAMS 0x000000008bc00000, 0x000000008bc00000| Complete 
| 189|0x000000008bd00000, 0x000000008be00000, 0x000000008be00000|100%| E|CS|TAMS 0x000000008bd00000, 0x000000008bd00000| Complete 
| 190|0x000000008be00000, 0x000000008bf00000, 0x000000008bf00000|100%| E|CS|TAMS 0x000000008be00000, 0x000000008be00000| Complete 
| 191|0x000000008bf00000, 0x000000008c000000, 0x000000008c000000|100%| E|CS|TAMS 0x000000008bf00000, 0x000000008bf00000| Complete 
| 192|0x000000008c000000, 0x000000008c100000, 0x000000008c100000|100%| E|CS|TAMS 0x000000008c000000, 0x000000008c000000| Complete 
| 193|0x000000008c100000, 0x000000008c200000, 0x000000008c200000|100%| E|CS|TAMS 0x000000008c100000, 0x000000008c100000| Complete 
| 194|0x000000008c200000, 0x000000008c300000, 0x000000008c300000|100%| E|CS|TAMS 0x000000008c200000, 0x000000008c200000| Complete 
| 195|0x000000008c300000, 0x000000008c400000, 0x000000008c400000|100%| E|CS|TAMS 0x000000008c300000, 0x000000008c300000| Complete 
| 196|0x000000008c400000, 0x000000008c500000, 0x000000008c500000|100%| E|CS|TAMS 0x000000008c400000, 0x000000008c400000| Complete 

Card table byte_map: [0x000002320f400000,0x000002320f800000] _byte_map_base: 0x000002320f000000

Marking Bits (Prev, Next): (CMBitMap*) 0x0000023278146110, (CMBitMap*) 0x0000023278146150
 Prev Bits: [0x000002320fc00000, 0x0000023211c00000)
 Next Bits: [0x0000023211c00000, 0x0000023213c00000)

Polling page: 0x00000232778b0000

Metaspace:

Usage:
  Non-class:     70.39 MB used.
      Class:     11.46 MB used.
       Both:     81.85 MB used.

Virtual space:
  Non-class space:      128.00 MB reserved,      70.81 MB ( 55%) committed,  2 nodes.
      Class space:      416.00 MB reserved,      11.88 MB (  3%) committed,  1 nodes.
             Both:      544.00 MB reserved,      82.69 MB ( 15%) committed. 

Chunk freelists:
   Non-Class:  8.92 MB
       Class:  4.16 MB
        Both:  13.08 MB

MaxMetaspaceSize: 512.00 MB
CompressedClassSpaceSize: 416.00 MB
Initial GC threshold: 21.00 MB
Current GC threshold: 122.31 MB
CDS: on
MetaspaceReclaimPolicy: balanced
 - commit_granule_bytes: 65536.
 - commit_granule_words: 8192.
 - virtual_space_node_default_size: 8388608.
 - enlarge_chunks_in_place: 1.
 - new_chunks_are_fully_committed: 0.
 - uncommit_free_chunks: 1.
 - use_allocation_guard: 0.
 - handle_deallocations: 1.


Internal statistics:

num_allocs_failed_limit: 6.
num_arena_births: 1168.
num_arena_deaths: 0.
num_vsnodes_births: 3.
num_vsnodes_deaths: 0.
num_space_committed: 1323.
num_space_uncommitted: 0.
num_chunks_returned_to_freelist: 6.
num_chunks_taken_from_freelist: 4807.
num_chunk_merges: 6.
num_chunk_splits: 3096.
num_chunks_enlarged: 1949.
num_inconsistent_stats: 0.

CodeHeap 'non-profiled nmethods': size=120000Kb used=5615Kb max_used=5615Kb free=114384Kb
 bounds [0x0000023207ad0000, 0x0000023208060000, 0x000002320f000000]
CodeHeap 'profiled nmethods': size=120000Kb used=17858Kb max_used=17858Kb free=102141Kb
 bounds [0x0000023200000000, 0x0000023201180000, 0x0000023207530000]
CodeHeap 'non-nmethods': size=5760Kb used=2385Kb max_used=2474Kb free=3374Kb
 bounds [0x0000023207530000, 0x00000232077d0000, 0x0000023207ad0000]
 total_blobs=10093 nmethods=9180 adapters=823
 compilation: enabled
              stopped_count=0, restarted_count=0
 full_count=0

Compilation events (20 events):
Event: 58.473 Thread 0x00000232162ef560 10665       3       java.io.ObjectStreamClass$FieldReflector::getPrimFieldValues (317 bytes)
Event: 58.475 Thread 0x00000232162ef560 nmethod 10665 0x00000232005e1310 code [0x00000232005e15a0, 0x00000232005e24d8]
Event: 58.475 Thread 0x00000232162ef560 10671       3       java.util.Collections::emptyListIterator (4 bytes)
Event: 58.476 Thread 0x00000232162ef560 nmethod 10671 0x0000023200adf010 code [0x0000023200adf1a0, 0x0000023200adf298]
Event: 58.476 Thread 0x00000232162ef560 10670       3       java.util.Collections$EmptyList::listIterator (4 bytes)
Event: 58.476 Thread 0x00000232162ef560 nmethod 10670 0x00000232005e0f10 code [0x00000232005e10a0, 0x00000232005e1218]
Event: 58.476 Thread 0x00000232162ef560 10664   !   3       java.io.ObjectOutputStream::writeOrdinaryObject (196 bytes)
Event: 58.478 Thread 0x00000232162ef560 nmethod 10664 0x00000232007d3710 code [0x00000232007d3a20, 0x00000232007d48a8]
Event: 58.478 Thread 0x00000232162ef560 10673       1       java.io.ObjectStreamField::getOffset (5 bytes)
Event: 58.478 Thread 0x00000232162ef560 nmethod 10673 0x0000023207b8a390 code [0x0000023207b8a520, 0x0000023207b8a5f8]
Event: 58.478 Thread 0x00000232162ef560 10666       3       java.io.ObjectOutputStream$BlockDataOutputStream::write (152 bytes)
Event: 58.480 Thread 0x00000232162ef560 nmethod 10666 0x00000232005e0010 code [0x00000232005e0240, 0x00000232005e0a78]
Event: 58.483 Thread 0x00000232162ef560 10674   !   3       org.gradle.internal.serialize.ExceptionReplacingObjectOutputStream$1::transform (15 bytes)
Event: 58.484 Thread 0x00000232162ef560 nmethod 10674 0x00000232007d2a90 code [0x00000232007d2ca0, 0x00000232007d3458]
Event: 58.484 Thread 0x00000232162ef560 10675       3       org.gradle.internal.serialize.ExceptionReplacingObjectOutputStream::doReplaceObject (25 bytes)
Event: 58.484 Thread 0x00000232162ef560 nmethod 10675 0x00000232007d2110 code [0x00000232007d22e0, 0x00000232007d28e8]
Event: 58.484 Thread 0x00000232162ef560 10677   !   3       java.io.ObjectOutputStream::writeObject (38 bytes)
Event: 58.485 Thread 0x00000232162ef560 nmethod 10677 0x00000232007d1a90 code [0x00000232007d1c60, 0x00000232007d1fb8]
Event: 58.489 Thread 0x00000232162e9690 nmethod 10668 0x0000023207b89890 code [0x0000023207b89a20, 0x0000023207b89fd8]
Event: 58.489 Thread 0x00000232162e9690 10669       4       java.io.ObjectOutputStream$BlockDataOutputStream::writeBytes (144 bytes)

GC Heap History (20 events):
Event: 46.848 GC heap before
{Heap before GC invocations=40 (full 0):
 garbage-first heap   total 124928K, used 100808K [0x0000000080000000, 0x0000000100000000)
  region size 1024K, 18 young (18432K), 4 survivors (4096K)
 Metaspace       used 69192K, committed 69952K, reserved 491520K
  class space    used 9843K, committed 10176K, reserved 425984K
}
Event: 46.851 GC heap after
{Heap after GC invocations=41 (full 0):
 garbage-first heap   total 124928K, used 88647K [0x0000000080000000, 0x0000000100000000)
  region size 1024K, 1 young (1024K), 1 survivors (1024K)
 Metaspace       used 69192K, committed 69952K, reserved 491520K
  class space    used 9843K, committed 10176K, reserved 425984K
}
Event: 47.303 GC heap before
{Heap before GC invocations=41 (full 0):
 garbage-first heap   total 124928K, used 102983K [0x0000000080000000, 0x0000000100000000)
  region size 1024K, 15 young (15360K), 1 survivors (1024K)
 Metaspace       used 70340K, committed 71104K, reserved 491520K
  class space    used 9978K, committed 10368K, reserved 425984K
}
Event: 47.306 GC heap after
{Heap after GC invocations=42 (full 0):
 garbage-first heap   total 124928K, used 89244K [0x0000000080000000, 0x0000000100000000)
  region size 1024K, 2 young (2048K), 2 survivors (2048K)
 Metaspace       used 70340K, committed 71104K, reserved 491520K
  class space    used 9978K, committed 10368K, reserved 425984K
}
Event: 47.621 GC heap before
{Heap before GC invocations=42 (full 0):
 garbage-first heap   total 124928K, used 102556K [0x0000000080000000, 0x0000000100000000)
  region size 1024K, 16 young (16384K), 2 survivors (2048K)
 Metaspace       used 71779K, committed 72512K, reserved 491520K
  class space    used 10115K, committed 10496K, reserved 425984K
}
Event: 47.623 GC heap after
{Heap after GC invocations=43 (full 0):
 garbage-first heap   total 124928K, used 89210K [0x0000000080000000, 0x0000000100000000)
  region size 1024K, 1 young (1024K), 1 survivors (1024K)
 Metaspace       used 71779K, committed 72512K, reserved 491520K
  class space    used 10115K, committed 10496K, reserved 425984K
}
Event: 48.274 GC heap before
{Heap before GC invocations=43 (full 0):
 garbage-first heap   total 124928K, used 103546K [0x0000000080000000, 0x0000000100000000)
  region size 1024K, 16 young (16384K), 1 survivors (1024K)
 Metaspace       used 73614K, committed 74304K, reserved 491520K
  class space    used 10332K, committed 10688K, reserved 425984K
}
Event: 48.279 GC heap after
{Heap after GC invocations=44 (full 0):
 garbage-first heap   total 124928K, used 90971K [0x0000000080000000, 0x0000000100000000)
  region size 1024K, 2 young (2048K), 2 survivors (2048K)
 Metaspace       used 73614K, committed 74304K, reserved 491520K
  class space    used 10332K, committed 10688K, reserved 425984K
}
Event: 48.488 GC heap before
{Heap before GC invocations=44 (full 0):
 garbage-first heap   total 124928K, used 109403K [0x0000000080000000, 0x0000000100000000)
  region size 1024K, 15 young (15360K), 2 survivors (2048K)
 Metaspace       used 73903K, committed 74688K, reserved 491520K
  class space    used 10363K, committed 10752K, reserved 425984K
}
Event: 48.493 GC heap after
{Heap after GC invocations=45 (full 0):
 garbage-first heap   total 124928K, used 99158K [0x0000000080000000, 0x0000000100000000)
  region size 1024K, 2 young (2048K), 2 survivors (2048K)
 Metaspace       used 73903K, committed 74688K, reserved 491520K
  class space    used 10363K, committed 10752K, reserved 425984K
}
Event: 48.751 GC heap before
{Heap before GC invocations=45 (full 0):
 garbage-first heap   total 124928K, used 104278K [0x0000000080000000, 0x0000000100000000)
  region size 1024K, 8 young (8192K), 2 survivors (2048K)
 Metaspace       used 74195K, committed 74944K, reserved 491520K
  class space    used 10422K, committed 10816K, reserved 425984K
}
Event: 48.754 GC heap after
{Heap after GC invocations=46 (full 0):
 garbage-first heap   total 124928K, used 96478K [0x0000000080000000, 0x0000000100000000)
  region size 1024K, 1 young (1024K), 1 survivors (1024K)
 Metaspace       used 74195K, committed 74944K, reserved 491520K
  class space    used 10422K, committed 10816K, reserved 425984K
}
Event: 49.018 GC heap before
{Heap before GC invocations=47 (full 0):
 garbage-first heap   total 167936K, used 103646K [0x0000000080000000, 0x0000000100000000)
  region size 1024K, 9 young (9216K), 1 survivors (1024K)
 Metaspace       used 74779K, committed 75584K, reserved 491520K
  class space    used 10494K, committed 10880K, reserved 425984K
}
Event: 49.021 GC heap after
{Heap after GC invocations=48 (full 0):
 garbage-first heap   total 167936K, used 95805K [0x0000000080000000, 0x0000000100000000)
  region size 1024K, 2 young (2048K), 2 survivors (2048K)
 Metaspace       used 74779K, committed 75584K, reserved 491520K
  class space    used 10494K, committed 10880K, reserved 425984K
}
Event: 49.186 GC heap before
{Heap before GC invocations=48 (full 0):
 garbage-first heap   total 167936K, used 101949K [0x0000000080000000, 0x0000000100000000)
  region size 1024K, 8 young (8192K), 2 survivors (2048K)
 Metaspace       used 75260K, committed 76032K, reserved 557056K
  class space    used 10552K, committed 10944K, reserved 425984K
}
Event: 49.190 GC heap after
{Heap after GC invocations=49 (full 0):
 garbage-first heap   total 201728K, used 94561K [0x0000000080000000, 0x0000000100000000)
  region size 1024K, 1 young (1024K), 1 survivors (1024K)
 Metaspace       used 75260K, committed 76032K, reserved 557056K
  class space    used 10552K, committed 10944K, reserved 425984K
}
Event: 50.800 GC heap before
{Heap before GC invocations=49 (full 0):
 garbage-first heap   total 201728K, used 157025K [0x0000000080000000, 0x0000000100000000)
  region size 1024K, 62 young (63488K), 1 survivors (1024K)
 Metaspace       used 79725K, committed 80448K, reserved 557056K
  class space    used 11156K, committed 11520K, reserved 425984K
}
Event: 50.804 GC heap after
{Heap after GC invocations=50 (full 0):
 garbage-first heap   total 201728K, used 96941K [0x0000000080000000, 0x0000000100000000)
  region size 1024K, 3 young (3072K), 3 survivors (3072K)
 Metaspace       used 79725K, committed 80448K, reserved 557056K
  class space    used 11156K, committed 11520K, reserved 425984K
}
Event: 52.443 GC heap before
{Heap before GC invocations=50 (full 0):
 garbage-first heap   total 201728K, used 160429K [0x0000000080000000, 0x0000000100000000)
  region size 1024K, 65 young (66560K), 3 survivors (3072K)
 Metaspace       used 82422K, committed 83200K, reserved 557056K
  class space    used 11536K, committed 11904K, reserved 425984K
}
Event: 52.452 GC heap after
{Heap after GC invocations=51 (full 0):
 garbage-first heap   total 201728K, used 100971K [0x0000000080000000, 0x0000000100000000)
  region size 1024K, 7 young (7168K), 7 survivors (7168K)
 Metaspace       used 82422K, committed 83200K, reserved 557056K
  class space    used 11536K, committed 11904K, reserved 425984K
}

Deoptimization events (20 events):
Event: 58.418 Thread 0x0000023237c35620 Uncommon trap: trap_request=0xffffff45 fr.pc=0x0000023207d2ea68 relative=0x0000000000000988
Event: 58.418 Thread 0x0000023237c35620 Uncommon trap: reason=unstable_if action=reinterpret pc=0x0000023207d2ea68 method=com.google.common.cache.LocalCache$Segment.get(Ljava/lang/Object;I)Ljava/lang/Object; @ 4 c2
Event: 58.418 Thread 0x0000023237c35620 DEOPT PACKING pc=0x0000023207d2ea68 sp=0x00000051544fd7e0
Event: 58.418 Thread 0x0000023237c35620 DEOPT UNPACKING pc=0x00000232075823a3 sp=0x00000051544fd720 mode 2
Event: 58.426 Thread 0x0000023237c35620 Uncommon trap: trap_request=0xffffffde fr.pc=0x0000023207bb7c8c relative=0x000000000000018c
Event: 58.426 Thread 0x0000023237c35620 Uncommon trap: reason=class_check action=maybe_recompile pc=0x0000023207bb7c8c method=java.lang.String.equals(Ljava/lang/Object;)Z @ 8 c2
Event: 58.426 Thread 0x0000023237c35620 DEOPT PACKING pc=0x0000023207bb7c8c sp=0x00000051544fcb50
Event: 58.426 Thread 0x0000023237c35620 DEOPT UNPACKING pc=0x00000232075823a3 sp=0x00000051544fcae8 mode 2
Event: 58.426 Thread 0x0000023237c35620 Uncommon trap: trap_request=0xffffffde fr.pc=0x0000023207bb7c8c relative=0x000000000000018c
Event: 58.426 Thread 0x0000023237c35620 Uncommon trap: reason=class_check action=maybe_recompile pc=0x0000023207bb7c8c method=java.lang.String.equals(Ljava/lang/Object;)Z @ 8 c2
Event: 58.426 Thread 0x0000023237c35620 DEOPT PACKING pc=0x0000023207bb7c8c sp=0x00000051544fcb50
Event: 58.426 Thread 0x0000023237c35620 DEOPT UNPACKING pc=0x00000232075823a3 sp=0x00000051544fcae8 mode 2
Event: 58.426 Thread 0x0000023237c35620 Uncommon trap: trap_request=0xffffffde fr.pc=0x0000023207bb7c8c relative=0x000000000000018c
Event: 58.426 Thread 0x0000023237c35620 Uncommon trap: reason=class_check action=maybe_recompile pc=0x0000023207bb7c8c method=java.lang.String.equals(Ljava/lang/Object;)Z @ 8 c2
Event: 58.426 Thread 0x0000023237c35620 DEOPT PACKING pc=0x0000023207bb7c8c sp=0x00000051544fcb50
Event: 58.426 Thread 0x0000023237c35620 DEOPT UNPACKING pc=0x00000232075823a3 sp=0x00000051544fcae8 mode 2
Event: 58.426 Thread 0x0000023237c35620 Uncommon trap: trap_request=0xffffffde fr.pc=0x0000023207bb7c8c relative=0x000000000000018c
Event: 58.426 Thread 0x0000023237c35620 Uncommon trap: reason=class_check action=maybe_recompile pc=0x0000023207bb7c8c method=java.lang.String.equals(Ljava/lang/Object;)Z @ 8 c2
Event: 58.426 Thread 0x0000023237c35620 DEOPT PACKING pc=0x0000023207bb7c8c sp=0x00000051544fcb50
Event: 58.426 Thread 0x0000023237c35620 DEOPT UNPACKING pc=0x00000232075823a3 sp=0x00000051544fcae8 mode 2

Classes unloaded (0 events):
No events

Classes redefined (0 events):
No events

Internal exceptions (20 events):
Event: 57.526 Thread 0x0000023237c35620 Exception <a 'java/lang/ClassNotFoundException'{0x000000008aa8dfe8}: org/gradle/api/internal/AbstractValidatingNamedDomainObjectContainerCustomizer> (0x000000008aa8dfe8) 
thrown [s\open\src\hotspot\share\classfile\systemDictionary.cpp, line 256]
Event: 57.557 Thread 0x0000023237c35620 Exception <a 'java/lang/ClassNotFoundException'{0x000000008aab7700}: org/gradle/api/internal/artifacts/configurations/DefaultConfigurationContainerCustomizer> (0x000000008aab7700) 
thrown [s\open\src\hotspot\share\classfile\systemDictionary.cpp, line 256]
Event: 57.569 Thread 0x0000023237c35620 Exception <a 'java/lang/ClassNotFoundException'{0x000000008a9035c8}: org/gradle/api/internal/artifacts/configurations/DefaultConfigurationContainer_DecoratedCustomizer> (0x000000008a9035c8) 
thrown [s\open\src\hotspot\share\classfile\systemDictionary.cpp, line 256]
Event: 57.618 Thread 0x0000023237c35620 Exception <a 'java/lang/ClassNotFoundException'{0x000000008a7de708}: org/gradle/api/internal/artifacts/configurations/DefaultUnlockedConfiguration_DecoratedBeanInfo> (0x000000008a7de708) 
thrown [s\open\src\hotspot\share\classfile\systemDictionary.cpp, line 256]
Event: 57.655 Thread 0x0000023237c35620 Exception <a 'java/lang/ClassNotFoundException'{0x000000008a7ff070}: org/gradle/api/internal/artifacts/configurations/DefaultUnlockedConfigurationBeanInfo> (0x000000008a7ff070) 
thrown [s\open\src\hotspot\share\classfile\systemDictionary.cpp, line 256]
Event: 57.661 Thread 0x0000023237c35620 Exception <a 'java/lang/ClassNotFoundException'{0x000000008a6207c0}: org/gradle/api/internal/artifacts/configurations/DefaultConfigurationBeanInfo> (0x000000008a6207c0) 
thrown [s\open\src\hotspot\share\classfile\systemDictionary.cpp, line 256]
Event: 57.664 Thread 0x0000023237c35620 Exception <a 'java/lang/ClassNotFoundException'{0x000000008a63e228}: org/gradle/api/internal/file/AbstractFileCollectionBeanInfo> (0x000000008a63e228) 
thrown [s\open\src\hotspot\share\classfile\systemDictionary.cpp, line 256]
Event: 57.666 Thread 0x0000023237c35620 Exception <a 'java/lang/ClassNotFoundException'{0x000000008a65b710}: org/gradle/api/internal/file/AbstractFileCollectionCustomizer> (0x000000008a65b710) 
thrown [s\open\src\hotspot\share\classfile\systemDictionary.cpp, line 256]
Event: 57.670 Thread 0x0000023237c35620 Exception <a 'java/lang/ClassNotFoundException'{0x000000008a68dd10}: org/gradle/api/internal/artifacts/configurations/DefaultConfigurationCustomizer> (0x000000008a68dd10) 
thrown [s\open\src\hotspot\share\classfile\systemDictionary.cpp, line 256]
Event: 57.677 Thread 0x0000023237c35620 Exception <a 'java/lang/ClassNotFoundException'{0x000000008a507d58}: org/gradle/api/internal/artifacts/configurations/DefaultUnlockedConfigurationCustomizer> (0x000000008a507d58) 
thrown [s\open\src\hotspot\share\classfile\systemDictionary.cpp, line 256]
Event: 57.680 Thread 0x0000023237c35620 Exception <a 'java/lang/ClassNotFoundException'{0x000000008a5367b8}: org/gradle/api/internal/artifacts/configurations/DefaultUnlockedConfiguration_DecoratedCustomizer> (0x000000008a5367b8) 
thrown [s\open\src\hotspot\share\classfile\systemDictionary.cpp, line 256]
Event: 57.751 Thread 0x0000023237c35620 Exception <a 'java/lang/ClassNotFoundException'{0x000000008a2a01d0}: org/codehaus/groovy/runtime/MethodClosureBeanInfo> (0x000000008a2a01d0) 
thrown [s\open\src\hotspot\share\classfile\systemDictionary.cpp, line 256]
Event: 57.758 Thread 0x0000023237c35620 Exception <a 'java/lang/ClassNotFoundException'{0x0000000089f492e8}: org/codehaus/groovy/runtime/MethodClosureCustomizer> (0x0000000089f492e8) 
thrown [s\open\src\hotspot\share\classfile\systemDictionary.cpp, line 256]
Event: 57.766 Thread 0x0000023237c35620 Exception <a 'java/lang/ClassNotFoundException'{0x0000000089f94c98}: org/gradle/api/internal/artifacts/configurations/DefaultConfiguration$ConfigurationResolvableDependencies_DecoratedBeanInfo> (0x0000000089f94c98) 
thrown [s\open\src\hotspot\share\classfile\systemDictionary.cpp, line 256]
Event: 57.769 Thread 0x0000023237c35620 Exception <a 'java/lang/ClassNotFoundException'{0x0000000089fb6028}: org/gradle/api/internal/artifacts/configurations/DefaultConfiguration$ConfigurationResolvableDependenciesBeanInfo> (0x0000000089fb6028) 
thrown [s\open\src\hotspot\share\classfile\systemDictionary.cpp, line 256]
Event: 57.771 Thread 0x0000023237c35620 Exception <a 'java/lang/ClassNotFoundException'{0x0000000089fd6e68}: org/gradle/api/internal/artifacts/configurations/DefaultConfiguration$ConfigurationResolvableDependenciesCustomizer> (0x0000000089fd6e68) 
thrown [s\open\src\hotspot\share\classfile\systemDictionary.cpp, line 256]
Event: 57.775 Thread 0x0000023237c35620 Exception <a 'java/lang/ClassNotFoundException'{0x0000000089e08878}: org/gradle/api/internal/artifacts/configurations/DefaultConfiguration$ConfigurationResolvableDependencies_DecoratedCustomizer> (0x0000000089e08878) 
thrown [s\open\src\hotspot\share\classfile\systemDictionary.cpp, line 256]
Event: 57.897 Thread 0x0000023237c35620 Exception <a 'java/lang/NoSuchMethodError'{0x0000000089c10fb0}: static Lorg/jetbrains/kotlin/gradle/plugin/statistics/MetricContainer;.<clinit>()V> (0x0000000089c10fb0) 
thrown [s\open\src\hotspot\share\prims\jni.cpp, line 1107]
Event: 57.998 Thread 0x0000023237c35620 Exception <a 'java/lang/NoSuchMethodError'{0x0000000089b5f128}: static Lorg/jetbrains/kotlin/gradle/plugin/statistics/MetricContainer;.<clinit>()V> (0x0000000089b5f128) 
thrown [s\open\src\hotspot\share\prims\jni.cpp, line 1107]
Event: 58.046 Thread 0x0000023237c35620 Exception <a 'java/lang/NoSuchMethodError'{0x0000000089abb2a8}: 'void java.lang.invoke.DirectMethodHandle$Holder.invokeStatic(java.lang.Object, int, java.lang.Object)'> (0x0000000089abb2a8) 
thrown [s\open\src\hotspot\share\interpreter\linkResolver.cpp, line 759]

VM Operations (20 events):
Event: 49.294 Executing VM operation: HandshakeAllThreads
Event: 49.294 Executing VM operation: HandshakeAllThreads done
Event: 49.381 Executing VM operation: HandshakeAllThreads
Event: 49.382 Executing VM operation: HandshakeAllThreads done
Event: 49.440 Executing VM operation: HandshakeAllThreads
Event: 49.441 Executing VM operation: HandshakeAllThreads done
Event: 50.449 Executing VM operation: Cleanup
Event: 50.450 Executing VM operation: Cleanup done
Event: 50.800 Executing VM operation: G1CollectForAllocation
Event: 50.805 Executing VM operation: G1CollectForAllocation done
Event: 51.810 Executing VM operation: Cleanup
Event: 51.810 Executing VM operation: Cleanup done
Event: 52.442 Executing VM operation: G1CollectForAllocation
Event: 52.452 Executing VM operation: G1CollectForAllocation done
Event: 53.457 Executing VM operation: Cleanup
Event: 53.457 Executing VM operation: Cleanup done
Event: 57.508 Executing VM operation: Cleanup
Event: 57.508 Executing VM operation: Cleanup done
Event: 58.039 Executing VM operation: HandshakeAllThreads
Event: 58.039 Executing VM operation: HandshakeAllThreads done

Events (20 events):
Event: 58.009 loading class javax/management/InstanceNotFoundException
Event: 58.009 loading class javax/management/InstanceNotFoundException done
Event: 58.163 Thread 0x000002323ad32190 Thread exited: 0x000002323ad32190
Event: 58.209 Thread 0x0000023239e3d9f0 Thread exited: 0x0000023239e3d9f0
Event: 58.218 Thread 0x0000023239e3ee30 Thread exited: 0x0000023239e3ee30
Event: 58.274 Thread 0x000002323ad36d80 Thread exited: 0x000002323ad36d80
Event: 58.336 Thread 0x0000023239e3e920 Thread exited: 0x0000023239e3e920
Event: 58.341 Thread 0x000002323ad37cb0 Thread exited: 0x000002323ad37cb0
Event: 58.342 Thread 0x000002323ad386d0 Thread exited: 0x000002323ad386d0
Event: 58.342 Thread 0x000002323ad36870 Thread exited: 0x000002323ad36870
Event: 58.343 Thread 0x000002323ad35940 Thread exited: 0x000002323ad35940
Event: 58.343 Thread 0x000002323ad390f0 Thread exited: 0x000002323ad390f0
Event: 58.343 Thread 0x000002323ad39600 Thread exited: 0x000002323ad39600
Event: 58.343 Thread 0x000002323ad381c0 Thread exited: 0x000002323ad381c0
Event: 58.379 loading class java/lang/Throwable$PrintStreamOrWriter
Event: 58.380 loading class java/lang/Throwable$PrintStreamOrWriter done
Event: 58.421 loading class java/lang/Short$ShortCache
Event: 58.421 loading class java/lang/Short$ShortCache done
Event: 58.443 loading class java/util/Collections$EmptyListIterator
Event: 58.469 loading class java/util/Collections$EmptyListIterator done


Dynamic libraries:
0x00007ff77dae0000 - 0x00007ff77daf0000 	C:\Program Files\Java\jdk-17\bin\java.exe
0x00007ffcee870000 - 0x00007ffceea87000 	C:\Windows\SYSTEM32\ntdll.dll
0x00007ffcecdb0000 - 0x00007ffcece74000 	C:\Windows\System32\KERNEL32.DLL
0x00007ffcebd90000 - 0x00007ffcec13c000 	C:\Windows\System32\KERNELBASE.dll
0x00007ffcec300000 - 0x00007ffcec411000 	C:\Windows\System32\ucrtbase.dll
0x00007ffccfe80000 - 0x00007ffccfe9b000 	C:\Program Files\Java\jdk-17\bin\VCRUNTIME140.dll
0x00007ffcd1230000 - 0x00007ffcd1249000 	C:\Program Files\Java\jdk-17\bin\jli.dll
0x00007ffced3b0000 - 0x00007ffced462000 	C:\Windows\System32\ADVAPI32.dll
0x00007ffced630000 - 0x00007ffced6d7000 	C:\Windows\System32\msvcrt.dll
0x00007ffced300000 - 0x00007ffced3a8000 	C:\Windows\System32\sechost.dll
0x00007ffcec420000 - 0x00007ffcec448000 	C:\Windows\System32\bcrypt.dll
0x00007ffcec870000 - 0x00007ffcec985000 	C:\Windows\System32\RPCRT4.dll
0x00007ffced7f0000 - 0x00007ffced99e000 	C:\Windows\System32\USER32.dll
0x00007ffcd5840000 - 0x00007ffcd5ad3000 	C:\Windows\WinSxS\amd64_microsoft.windows.common-controls_6595b64144ccf1df_6.0.22621.3672_none_2713b9d173822955\COMCTL32.dll
0x00007ffcec580000 - 0x00007ffcec5a6000 	C:\Windows\System32\win32u.dll
0x00007ffced7c0000 - 0x00007ffced7e9000 	C:\Windows\System32\GDI32.dll
0x00007ffcec140000 - 0x00007ffcec259000 	C:\Windows\System32\gdi32full.dll
0x00007ffcec260000 - 0x00007ffcec2fa000 	C:\Windows\System32\msvcp_win.dll
0x00007ffcdded0000 - 0x00007ffcddeda000 	C:\Windows\SYSTEM32\VERSION.dll
0x00007ffced9c0000 - 0x00007ffced9f1000 	C:\Windows\System32\IMM32.DLL
0x00007ffce8c40000 - 0x00007ffce8c4c000 	C:\Program Files\Java\jdk-17\bin\vcruntime140_1.dll
0x00007ffcb6c70000 - 0x00007ffcb6cfe000 	C:\Program Files\Java\jdk-17\bin\msvcp140.dll
0x00007ffc7e970000 - 0x00007ffc7f54f000 	C:\Program Files\Java\jdk-17\bin\server\jvm.dll
0x00007ffcecd90000 - 0x00007ffcecd98000 	C:\Windows\System32\PSAPI.DLL
0x00007ffcc92d0000 - 0x00007ffcc92d9000 	C:\Windows\SYSTEM32\WSOCK32.dll
0x00007ffcdf4a0000 - 0x00007ffcdf4d4000 	C:\Windows\SYSTEM32\WINMM.dll
0x00007ffceda00000 - 0x00007ffceda71000 	C:\Windows\System32\WS2_32.dll
0x00007ffceab90000 - 0x00007ffceaba8000 	C:\Windows\SYSTEM32\kernel.appcore.dll
0x00007ffce6ed0000 - 0x00007ffce6eda000 	C:\Program Files\Java\jdk-17\bin\jimage.dll
0x00007ffce0650000 - 0x00007ffce0882000 	C:\Windows\SYSTEM32\DBGHELP.DLL
0x00007ffcedc40000 - 0x00007ffcedfc8000 	C:\Windows\System32\combase.dll
0x00007ffced6e0000 - 0x00007ffced7b7000 	C:\Windows\System32\OLEAUT32.dll
0x00007ffcbc120000 - 0x00007ffcbc152000 	C:\Windows\SYSTEM32\dbgcore.DLL
0x00007ffcebba0000 - 0x00007ffcebc1b000 	C:\Windows\System32\bcryptPrimitives.dll
0x00007ffcdf630000 - 0x00007ffcdf63e000 	C:\Program Files\Java\jdk-17\bin\instrument.dll
0x00007ffcc9230000 - 0x00007ffcc9255000 	C:\Program Files\Java\jdk-17\bin\java.dll
0x00007ffcb63a0000 - 0x00007ffcb6477000 	C:\Program Files\Java\jdk-17\bin\jsvml.dll
0x00007ffcedfd0000 - 0x00007ffcee82c000 	C:\Windows\System32\SHELL32.dll
0x00007ffce9aa0000 - 0x00007ffcea397000 	C:\Windows\SYSTEM32\windows.storage.dll
0x00007ffce9960000 - 0x00007ffce9a9f000 	C:\Windows\SYSTEM32\wintypes.dll
0x00007ffcec770000 - 0x00007ffcec864000 	C:\Windows\System32\SHCORE.dll
0x00007ffcecc00000 - 0x00007ffcecc5e000 	C:\Windows\System32\shlwapi.dll
0x00007ffcebad0000 - 0x00007ffcebaf1000 	C:\Windows\SYSTEM32\profapi.dll
0x00007ffcc2610000 - 0x00007ffcc2628000 	C:\Program Files\Java\jdk-17\bin\zip.dll
0x00007ffcce690000 - 0x00007ffcce6a9000 	C:\Program Files\Java\jdk-17\bin\net.dll
0x00007ffce49f0000 - 0x00007ffce4b26000 	C:\Windows\SYSTEM32\WINHTTP.dll
0x00007ffceaff0000 - 0x00007ffceb059000 	C:\Windows\system32\mswsock.dll
0x00007ffcce620000 - 0x00007ffcce636000 	C:\Program Files\Java\jdk-17\bin\nio.dll
0x00007ffcdf650000 - 0x00007ffcdf660000 	C:\Program Files\Java\jdk-17\bin\verify.dll
0x00007ffc79660000 - 0x00007ffc79687000 	C:\Users\NexusL\.gradle\native\c067742578af261105cb4f569cf0c3c89f3d7b1fecec35dd04571415982c5e48\windows-amd64\native-platform.dll
0x00007ffcd3750000 - 0x00007ffcd3894000 	C:\Users\NexusL\.gradle\native\38dada09dfb8b06ba9b0570ebf7e218e3eb74d4ef43ca46872605cf95ebc2f47\windows-amd64\native-platform-file-events.dll
0x00007ffcd4000000 - 0x00007ffcd400a000 	C:\Program Files\Java\jdk-17\bin\management.dll
0x00007ffcd1140000 - 0x00007ffcd114b000 	C:\Program Files\Java\jdk-17\bin\management_ext.dll
0x00007ffceb340000 - 0x00007ffceb35b000 	C:\Windows\SYSTEM32\CRYPTSP.dll
0x00007ffceaaf0000 - 0x00007ffceab25000 	C:\Windows\system32\rsaenh.dll
0x00007ffceb090000 - 0x00007ffceb0b8000 	C:\Windows\SYSTEM32\USERENV.dll
0x00007ffceb320000 - 0x00007ffceb32c000 	C:\Windows\SYSTEM32\CRYPTBASE.dll
0x00007ffcea640000 - 0x00007ffcea66d000 	C:\Windows\SYSTEM32\IPHLPAPI.DLL
0x00007ffcecda0000 - 0x00007ffcecda9000 	C:\Windows\System32\NSI.dll
0x00007ffce48d0000 - 0x00007ffce48e9000 	C:\Windows\SYSTEM32\dhcpcsvc6.DLL
0x00007ffce4860000 - 0x00007ffce487f000 	C:\Windows\SYSTEM32\dhcpcsvc.DLL
0x00007ffcea670000 - 0x00007ffcea768000 	C:\Windows\SYSTEM32\DNSAPI.dll
0x00007ffccf9e0000 - 0x00007ffccf9ee000 	C:\Program Files\Java\jdk-17\bin\sunmscapi.dll
0x00007ffcebc20000 - 0x00007ffcebd87000 	C:\Windows\System32\CRYPT32.dll
0x00007ffceb4d0000 - 0x00007ffceb4fe000 	C:\Windows\SYSTEM32\ncrypt.dll
0x00007ffceb490000 - 0x00007ffceb4c7000 	C:\Windows\SYSTEM32\NTASN1.dll
0x00007ffca81c0000 - 0x00007ffca81c8000 	C:\Windows\system32\wshunix.dll
0x00007ffcd1a80000 - 0x00007ffcd1a97000 	C:\Windows\system32\napinsp.dll
0x00007ffcd1a60000 - 0x00007ffcd1a7b000 	C:\Windows\system32\pnrpnsp.dll
0x00007ffcd1a40000 - 0x00007ffcd1a51000 	C:\Windows\System32\winrnr.dll
0x00007ffcddbd0000 - 0x00007ffcddbe5000 	C:\Windows\system32\wshbth.dll
0x00007ffc95c30000 - 0x00007ffc95c57000 	C:\Windows\system32\nlansp_c.dll
0x000000005d7d0000 - 0x000000005d7f6000 	C:\Program Files\Bonjour\mdnsNSP.dll
0x00007ffcde700000 - 0x00007ffcde70a000 	C:\Windows\System32\rasadhlp.dll
0x00007ffcdf040000 - 0x00007ffcdf0c3000 	C:\Windows\System32\fwpuclnt.dll

dbghelp: loaded successfully - version: 4.0.5 - missing functions: none
symbol engine: initialized successfully - sym options: 0x614 - pdb path: .;C:\Program Files\Java\jdk-17\bin;C:\Windows\SYSTEM32;C:\Windows\WinSxS\amd64_microsoft.windows.common-controls_6595b64144ccf1df_6.0.22621.3672_none_2713b9d173822955;C:\Program Files\Java\jdk-17\bin\server;C:\Users\NexusL\.gradle\native\c067742578af261105cb4f569cf0c3c89f3d7b1fecec35dd04571415982c5e48\windows-amd64;C:\Users\NexusL\.gradle\native\38dada09dfb8b06ba9b0570ebf7e218e3eb74d4ef43ca46872605cf95ebc2f47\windows-amd64;C:\Program Files\Bonjour

VM Arguments:
jvm_args: -XX:MaxMetaspaceSize=512m --add-opens=java.base/java.util=ALL-UNNAMED --add-opens=java.base/java.lang=ALL-UNNAMED --add-opens=java.base/java.lang.invoke=ALL-UNNAMED --add-opens=java.prefs/java.util.prefs=ALL-UNNAMED --add-opens=java.base/java.nio.charset=ALL-UNNAMED --add-opens=java.base/java.net=ALL-UNNAMED --add-opens=java.base/java.util.concurrent.atomic=ALL-UNNAMED -Xmx2048m -Dfile.encoding=windows-1252 -Duser.country=CM -Duser.language=fr -Duser.variant -javaagent:C:\Users\NexusL\.gradle\wrapper\dists\gradle-8.6-all\3mbtmo166bl6vumsh5k2lkq5h\gradle-8.6\lib\agents\gradle-instrumentation-agent-8.6.jar 
java_command: org.gradle.launcher.daemon.bootstrap.GradleDaemon 8.6
java_class_path (initial): C:\Users\NexusL\.gradle\wrapper\dists\gradle-8.6-all\3mbtmo166bl6vumsh5k2lkq5h\gradle-8.6\lib\gradle-launcher-8.6.jar
Launcher Type: SUN_STANDARD

[Global flags]
     intx CICompilerCount                          = 4                                         {product} {ergonomic}
   size_t CompressedClassSpaceSize                 = 436207616                                 {product} {ergonomic}
     uint ConcGCThreads                            = 2                                         {product} {ergonomic}
     uint G1ConcRefinementThreads                  = 8                                         {product} {ergonomic}
   size_t G1HeapRegionSize                         = 1048576                                   {product} {ergonomic}
    uintx GCDrainStackTargetSize                   = 64                                        {product} {ergonomic}
   size_t InitialHeapSize                          = 132120576                                 {product} {ergonomic}
   size_t MarkStackSize                            = 4194304                                   {product} {ergonomic}
   size_t MaxHeapSize                              = 2147483648                                {product} {command line}
   size_t MaxMetaspaceSize                         = 536870912                                 {product} {command line}
   size_t MaxNewSize                               = 1287651328                                {product} {ergonomic}
   size_t MinHeapDeltaBytes                        = 1048576                                   {product} {ergonomic}
   size_t MinHeapSize                              = 8388608                                   {product} {ergonomic}
    uintx NonNMethodCodeHeapSize                   = 5839372                                {pd product} {ergonomic}
    uintx NonProfiledCodeHeapSize                  = 122909434                              {pd product} {ergonomic}
    uintx ProfiledCodeHeapSize                     = 122909434                              {pd product} {ergonomic}
    uintx ReservedCodeCacheSize                    = 251658240                              {pd product} {ergonomic}
     bool SegmentedCodeCache                       = true                                      {product} {ergonomic}
   size_t SoftMaxHeapSize                          = 2147483648                             {manageable} {ergonomic}
     bool UseCompressedClassPointers               = true                           {product lp64_product} {ergonomic}
     bool UseCompressedOops                        = true                           {product lp64_product} {ergonomic}
     bool UseG1GC                                  = true                                      {product} {ergonomic}
     bool UseLargePagesIndividualAllocation        = false                                  {pd product} {ergonomic}

Logging:
Log output configuration:
 #0: stdout all=warning uptime,level,tags
 #1: stderr all=off uptime,level,tags

Environment Variables:
JAVA_HOME=C:\Program Files\Java\jdk-17
CLASSPATH=F:\Keyce\wisenkap\wisenkapFrontend\android\\gradle\wrapper\gradle-wrapper.jar
PATH=F:\Keyce\wisenkap\wisenkapFrontend\node_modules\.bin;F:\Keyce\wisenkap\wisenkapFrontend\node_modules\.bin;F:\Keyce\wisenkap\node_modules\.bin;F:\Keyce\node_modules\.bin;F:\node_modules\.bin;C:\Users\NexusL\AppData\Roaming\npm\node_modules\npm\node_modules\@npmcli\run-script\lib\node-gyp-bin;F:\Keyce\wisenkap\wisenkapFrontend\node_modules\.bin;F:\Keyce\wisenkap\node_modules\.bin;F:\Keyce\node_modules\.bin;F:\node_modules\.bin;C:\Users\NexusL\AppData\Roaming\npm\node_modules\npm\node_modules\@npmcli\run-script\lib\node-gyp-bin;C:\Program Files\Common Files\Oracle\Java\javapath;C:\Program Files (x86)\Common Files\Oracle\Java\javapath;C:\Program Files (x86)\VMware\VMware Workstation\bin\;C:\Windows\system32;C:\Windows;C:\Windows\System32\Wbem;C:\Windows\System32\WindowsPowerShell\v1.0\;C:\Windows\System32\OpenSSH\;C:\Users\NexusL\AppData\Roaming\nvm;C:\Program Files\nodejs;C:\Program Files\Git\cmd;C:\gradle\gradle\gradle-8.7\bin;C:\Users\NexusL\AppData\Local\Programs\Python\Python312\Scripts\;C:\Users\NexusL\AppData\Local\Programs\Python\Python312\;C:\Program Files\Java\jdk-17;C:\Users\NexusL\AppData\Local\jdk-11.0.2\bin;C:\Users\NexusL\AppData\Local\Microsoft\WindowsApps;C:\Users\NexusL\AppData\Local\Programs\Microsoft VS Code\bin;C:\Users\NexusL\AppData\Roaming\npm;C:\Users\NexusL\AppData\Roaming\nvm;C:\Program Files\nodejs;C:\Users\NexusL\AppData\Local\Android\Sdk\platform-tools;C:\Users\NexusL\AppData\Local\Android\Sdk\ndk;C:\Program Files (x86)\Nmap;C:\Users\NexusL\AppData\Local\GitHubDesktop\bin
USERNAME=NexusL
LANG=fr_FR.UTF-8
OS=Windows_NT
PROCESSOR_IDENTIFIER=Intel64 Family 6 Model 142 Stepping 12, GenuineIntel



---------------  S Y S T E M  ---------------

OS:
 Windows 11 , 64 bit Build 22621 (10.0.22621.3672)
OS uptime: 0 days 17:18 hours
Hyper-V role detected

CPU: total 8 (initial active 8) (4 cores per cpu, 2 threads per core) family 6 model 142 stepping 12 microcode 0xf8, cx8, cmov, fxsr, ht, mmx, 3dnowpref, sse, sse2, sse3, ssse3, sse4.1, sse4.2, popcnt, lzcnt, tsc, tscinvbit, avx, avx2, aes, erms, clmul, bmi1, bmi2, adx, fma, vzeroupper, clflush, clflushopt, hv

Memory: 4k page, system-wide physical 8006M (393M free)
TotalPageFile size 23006M (AvailPageFile size 0M)
current process WorkingSet (physical memory assigned to process): 434M, peak: 452M
current process commit charge ("private bytes"): 478M, peak: 499M

vm_info: Java HotSpot(TM) 64-Bit Server VM (17.0.10+11-LTS-240) for windows-amd64 JRE (17.0.10+11-LTS-240), built on Dec 19 2023 21:47:25 by "mach5one" with MS VC++ 17.1 (VS2022)

END.
